Determining if the strtod_l exist failed with the following output:
Change Dir: /home/alex/Core/lib/Jinja2Cpp/.jinja2cpp-build/CMakeFiles/CMakeTmp

Run Build Command:"/usr/bin/make" "cmTC_cfe30/fast"
/usr/bin/make -f CMakeFiles/cmTC_cfe30.dir/build.make CMakeFiles/cmTC_cfe30.dir/build
make[1]: Entering directory '/home/alex/Core/lib/Jinja2Cpp/.jinja2cpp-build/CMakeFiles/CMakeTmp'
Building C object CMakeFiles/cmTC_cfe30.dir/CheckSymbolExists.c.o
/usr/bin/cc    -o CMakeFiles/cmTC_cfe30.dir/CheckSymbolExists.c.o   -c /home/alex/Core/lib/Jinja2Cpp/.jinja2cpp-build/CMakeFiles/CMakeTmp/CheckSymbolExists.c
/home/alex/Core/lib/Jinja2Cpp/.jinja2cpp-build/CMakeFiles/CMakeTmp/CheckSymbolExists.c: In function ‘main’:
/home/alex/Core/lib/Jinja2Cpp/.jinja2cpp-build/CMakeFiles/CMakeTmp/CheckSymbolExists.c:8:19: error: ‘strtod_l’ undeclared (first use in this function); did you mean ‘strtoull’?
   return ((int*)(&strtod_l))[argc];
                   ^~~~~~~~
                   strtoull
/home/alex/Core/lib/Jinja2Cpp/.jinja2cpp-build/CMakeFiles/CMakeTmp/CheckSymbolExists.c:8:19: note: each undeclared identifier is reported only once for each function it appears in
CMakeFiles/cmTC_cfe30.dir/build.make:65: recipe for target 'CMakeFiles/cmTC_cfe30.dir/CheckSymbolExists.c.o' failed
make[1]: *** [CMakeFiles/cmTC_cfe30.dir/CheckSymbolExists.c.o] Error 1
make[1]: Leaving directory '/home/alex/Core/lib/Jinja2Cpp/.jinja2cpp-build/CMakeFiles/CMakeTmp'
Makefile:126: recipe for target 'cmTC_cfe30/fast' failed
make: *** [cmTC_cfe30/fast] Error 2

File /home/alex/Core/lib/Jinja2Cpp/.jinja2cpp-build/CMakeFiles/CMakeTmp/CheckSymbolExists.c:
/* */
#include <stdlib.h>

int main(int argc, char** argv)
{
  (void)argv;
#ifndef strtod_l
  return ((int*)(&strtod_l))[argc];
#else
  (void)argc;
  return 0;
#endif
}

